nohup: ignoring input
2024-03-07 22:48:51.971 | INFO     | core.utils.utils:seed_everything:42 - Global seed set to 0
2024-03-07 22:48:51.977 | INFO     | __main__:main:173 - Loaded configuration file: 
	adapter: configs/adapter/cifar100/PRDCL.yaml
	dataset: configs/dataset/cifar100.yaml
	order: configs/order/cifar100/0.yaml
2024-03-07 22:48:51.977 | INFO     | __main__:main:179 - Running with config:
CONSISTENCY: 3.0
CONSISTENCY2: 3.0
FISHER_ALPHA: 0.999
2024-03-07 22:48:51.978 | INFO     | __main__:main:180 - Running with config:
BETA: 0.9
DAMPENING: 0.0
EPS: 1e-05
LR: 0.001
METHOD: Adam
MOMENTUM: 0.9
NESTEROV: True
STEPS: 1
WD: 0.0
2024-03-07 22:48:51.978 | INFO     | __main__:eval:20 - ==>> Start Eval 
 SEED: 0 
 TTA: PRDCL 
 DATASET: cifar100 
 OPTIM: Adam 
 BS: 64 
 MODEL: Hendrycks2020AugMix_ResNeXt 
 ORDER: 0 
 SEVERITY: [5] 
 NOTE: none
2024-03-07 22:48:53.930 | INFO     | methods.PRDCL.proposal:setup:216 - Setup TTA method: PRDCL
2024-03-07 22:48:53.967 | INFO     | __main__:eval:36 - ==>> Severity:  5
2024-03-07 22:48:53.971 | INFO     | __main__:eval:59 - Resetting model
2024-03-07 22:49:27.268 | INFO     | __main__:eval:91 - [motion_blur5]: Acc 72.36% || Error 27.64%
2024-03-07 22:49:54.342 | INFO     | __main__:eval:91 - [snow5]: Acc 70.02% || Error 29.98%
2024-03-07 22:50:21.822 | INFO     | __main__:eval:91 - [fog5]: Acc 66.62% || Error 33.38%
2024-03-07 22:50:48.833 | INFO     | __main__:eval:91 - [shot_noise5]: Acc 65.61% || Error 34.39%
2024-03-07 22:51:16.684 | INFO     | __main__:eval:91 - [defocus_blur5]: Acc 73.51% || Error 26.49%
2024-03-07 22:51:44.370 | INFO     | __main__:eval:91 - [contrast5]: Acc 71.86% || Error 28.14%
